android-opentimestamps/build/intermediates/manifest_merge_blame_file/debug/manifest-merger-blame-debug-report.txt
1<?xml version="1.0" encoding="utf-8"?>
2<manifest xmlns:android="http://schemas.android.com/apk/res/android"
3    xmlns:tools="http://schemas.android.com/tools"
4    package="com.eternitywall" >
5
6    <uses-sdk android:minSdkVersion="24" />
7
8    <uses-permission
8-->src/main/AndroidManifest.xml:5:5-7:11
9        android:name="android.permission.READ_EXTERNAL_STORAGE"
9-->src/main/AndroidManifest.xml:5:22-77
10        tools:remove="android:maxSdkVersion" />
10-->src/main/AndroidManifest.xml:6:9-45
11    <uses-permission
11-->src/main/AndroidManifest.xml:8:5-10:48
12        android:name="android.permission.ACCESS_COARSE_LOCATION"
12-->src/main/AndroidManifest.xml:9:9-65
13        tools:remove="android:maxSdkVersion" />
13-->src/main/AndroidManifest.xml:10:9-45
14    <uses-permission
14-->src/main/AndroidManifest.xml:11:5-13:48
15        android:name="android.permission.ACCESS_FINE_LOCATION"
15-->src/main/AndroidManifest.xml:12:9-63
16        tools:remove="android:maxSdkVersion" />
16-->src/main/AndroidManifest.xml:13:9-45
17    <uses-permission
17-->src/main/AndroidManifest.xml:14:5-16:48
18        android:name="android.permission.ACCESS_NETWORK_STATE"
18-->src/main/AndroidManifest.xml:15:9-63
19        tools:remove="android:maxSdkVersion" />
19-->src/main/AndroidManifest.xml:16:9-45
20    <uses-permission
20-->src/main/AndroidManifest.xml:17:5-19:48
21        android:name="android.permission.INTERNET"
21-->src/main/AndroidManifest.xml:18:9-51
22        tools:remove="android:maxSdkVersion" />
22-->src/main/AndroidManifest.xml:19:9-45
23    <uses-permission
23-->src/main/AndroidManifest.xml:20:5-22:48
24        android:name="android.permission.READ_PHONE_STATE"
24-->src/main/AndroidManifest.xml:21:9-59
25        tools:remove="android:maxSdkVersion" />
25-->src/main/AndroidManifest.xml:22:9-45
26
27</manifest>